This is pdfTeX, Version 3.14159265-2.6-1.40.17 (MiKTeX 2.9 64-bit) (preloaded format=pdflatex 2016.10.26)  26 OCT 2016 23:34
entering extended mode
**Z:/1/capstone/EECS_Capstone_Group_41_2016-2017/Documents/Requirement_document
/Requirement_Documentation.tex

(Z:/1/capstone/EECS_Capstone_Group_41_2016-2017/Documents/Requirement_document/
Requirement_Documentation.tex
LaTeX2e <2016/03/31> patch level 3
Babel <3.9r> and hyphenation patterns for 75 language(s) loaded.
! TeX capacity exceeded, sorry [parameter stack size=10000].
\@fileswithoptions #1->
                       \@ifnextchar [{\@fileswith@ptions #1}{\@fileswith@pti...
l.3 ..., bottom=0.75in, left=0.75in, right=0.75in]
                                                  {geometry}
If you really absolutely need more capacity,
you can ask a wizard to enlarge me.

 
Here is how much of TeX's memory you used:
 7 strings out of 493334
 411 string characters out of 3139248
 206830 words of memory out of 3000000
 3636 multiletter control sequences out of 15000+200000
 3640 words of font info for 14 fonts, out of 3000000 for 9000
 1141 hyphenation exceptions out of 8191
 4288i,0n,10001p,186b,8s stack positions out of 5000i,500n,10000p,200000b,50000s
!  ==> Fatal error occurred, no output PDF file produced!
